10:36:09 | INFO | SimpleReport:52                          | Report for config
+----------------------+---------+------------+------------+
| Element              | Subject | Status     | ms.        |
+----------------------+---------+------------+------------+
+----------------------+---------+------------+------------+

10:36:09 | INFO | WebDriverThreadLocalContainer:129        | No webdriver is bound to current thread: 1 - let's create a new webdriver
10:36:13 | INFO | WebDriverFactory:121                     | Selenide 7.11.1 / Selenium 4.36.0 / chrome 142.0.7444.162 mac
10:36:14 | INFO | SimpleReport:52                          | Report for openMainPage
+----------------------+----------------------------+------------+------------+
| Element              | Subject                    | Status     | ms.        |
+----------------------+----------------------------+------------+------------+
| open                 | https://www.demoblaze.com/ | PASS       | 4715       |
|   webdriver          | create()                   | PASS       | 3551       |
+----------------------+----------------------------+------------+------------+

10:36:27 | INFO | SimpleReport:52                          | Report for testBuyItem
+--------------------------------------------------------------+------------------------------------------------------------------------+------------+------------+
| Element                                                      | Subject                                                                | Status     | ms.        |
+--------------------------------------------------------------+------------------------------------------------------------------------+------------+------------+
| By.xpath: //a[@id='signin2']                                 | should be(clickable: interactable and enabled)                         | PASS       | 162        |
| By.xpath: //a[@id='signin2']                                 | click()                                                                | PASS       | 159        |
| By.xpath: //input[@id='sign-username']                       | should be(input condition: empty: attribute value="" and exact text "" and visible) | PASS       | 95         |
| By.xpath: //input[@id='sign-username']                       | append(Polina_test)                                                    | PASS       | 226        |
| By.xpath: //input[@id='sign-password']                       | should be(input condition: empty: attribute value="" and exact text "" and visible) | PASS       | 41         |
| By.xpath: //input[@id='sign-password']                       | append(Polina_test)                                                    | PASS       | 48         |
| By.xpath: //button[text()='Sign up']                         | should be(clickable: interactable and enabled)                         | PASS       | 21         |
| By.xpath: //button[text()='Sign up']                         | click()                                                                | PASS       | 53         |
| By.xpath: (//button[@class='close']/span)[2]                 | should be(clickable: interactable and enabled)                         | PASS       | 24         |
| By.xpath: (//button[@class='close']/span)[2]                 | click()                                                                | PASS       | 66         |
| #login2                                                      | should be(clickable: interactable and enabled)                         | PASS       | 23         |
| #login2                                                      | click()                                                                | PASS       | 299        |
| #loginusername                                               | should be(input condition: empty: attribute value="" and exact text "" and visible) | PASS       | 288        |
| #loginusername                                               | append(Polina_test)                                                    | PASS       | 33         |
| #loginpassword                                               | should be(input condition: empty: attribute value="" and exact text "" and visible) | PASS       | 24         |
| #loginpassword                                               | append(Polina_test)                                                    | PASS       | 38         |
| By.xpath: //button[text()='Log in']                          | should be(clickable: interactable and enabled)                         | PASS       | 20         |
| By.xpath: //button[text()='Log in']                          | click()                                                                | PASS       | 56         |
| By.xpath: //h4[@class='card-title']/a                        | should be(size(9))                                                     | PASS       | 10         |
| By.xpath: //h4[@class='card-title']/a[2]                     | text()                                                                 | PASS       | 15         |
| By.xpath: //h4[@class='card-title']/a                        | should be(size(9))                                                     | PASS       | 5          |
| By.xpath: //h4[@class='card-title']/a.findBy(text "Nexus 6") | click()                                                                | PASS       | 1191       |
| By.xpath: //h2[@class='name']                                | should be(visible)                                                     | PASS       | 462        |
| By.xpath: //h3[@class='price-container']                     | should be(visible)                                                     | PASS       | 15         |
| By.xpath: //h2[@class='name']                                | get text()                                                             | PASS       | 13         |
| By.xpath: //h3[@class='price-container']                     | get text()                                                             | PASS       | 14         |
| By.xpath: //div[@id='more-information']/p                    | get text()                                                             | PASS       | 16         |
| By.xpath: //a[text()='Add to cart']                          | should be(clickable: interactable and enabled)                         | PASS       | 16         |
| By.xpath: //a[text()='Add to cart']                          | click()                                                                | PASS       | 50         |
| #cartur                                                      | should be(clickable: interactable and enabled)                         | PASS       | 21         |
| #cartur                                                      | click()                                                                | PASS       | 427        |
| By.xpath: //button[text()='Place Order']                     | should be(clickable: interactable and enabled)                         | PASS       | 38         |
| By.xpath: //button[text()='Place Order']                     | click()                                                                | PASS       | 55         |
| By.xpath: //input[@id='name']                                | should be(input condition: empty: attribute value="" and exact text "" and visible) | PASS       | 281        |
| By.xpath: //input[@id='name']                                | append(Polina)                                                         | PASS       | 32         |
| By.xpath: //input[@id='country']                             | should be(input condition: empty: attribute value="" and exact text "" and visible) | PASS       | 22         |
| By.xpath: //input[@id='country']                             | append(Ukraine)                                                        | PASS       | 31         |
| By.xpath: //input[@id='city']                                | should be(input condition: empty: attribute value="" and exact text "" and visible) | PASS       | 37         |
| By.xpath: //input[@id='city']                                | append(Kyiv)                                                           | PASS       | 35         |
| By.xpath: //input[@id='card']                                | should be(input condition: empty: attribute value="" and exact text "" and visible) | PASS       | 28         |
| By.xpath: //input[@id='card']                                | append(12345678)                                                       | PASS       | 32         |
| By.xpath: //input[@id='month']                               | should be(input condition: empty: attribute value="" and exact text "" and visible) | PASS       | 24         |
| By.xpath: //input[@id='month']                               | append(september)                                                      | PASS       | 31         |
| By.xpath: //input[@id='year']                                | should be(input condition: empty: attribute value="" and exact text "" and visible) | PASS       | 24         |
| By.xpath: //input[@id='year']                                | append(2025)                                                           | PASS       | 30         |
| By.xpath: //button[text()='Purchase']                        | should be(clickable: interactable and enabled)                         | PASS       | 18         |
| By.xpath: //button[text()='Purchase']                        | click()                                                                | PASS       | 62         |
| By.xpath: //h2[text()='Thank you for your purchase!']        | should be(visible)                                                     | PASS       | 17         |
| By.xpath: //h2[text()='Thank you for your purchase!']        | get text()                                                             | PASS       | 13         |
| By.xpath: //button[@class='confirm btn btn-lg btn-primary']  | should be(visible)                                                     | PASS       | 13         |
| By.xpath: //button[@class='confirm btn btn-lg btn-primary']  | click()                                                                | PASS       | 473        |
| #logout2                                                     | should be(interactable)                                                | PASS       | 504        |
| #logout2                                                     | click()                                                                | PASS       | 82         |
| #login2                                                      | should be(visible)                                                     | PASS       | 30         |
+--------------------------------------------------------------+------------------------------------------------------------------------+------------+------------+

10:36:27 | INFO | SimpleReport:52                          | Report for clearWebDriver
+----------------------+---------+------------+------------+
| Element              | Subject | Status     | ms.        |
+----------------------+---------+------------+------------+
| clearCookies         |         | PASS       | 8          |
| refresh              |         | PASS       | 214        |
+----------------------+---------+------------+------------+

10:36:28 | INFO | SimpleReport:52                          | Report for openMainPage
+----------------------+----------------------------+------------+------------+
| Element              | Subject                    | Status     | ms.        |
+----------------------+----------------------------+------------+------------+
| open                 | https://www.demoblaze.com/ | PASS       | 103        |
+----------------------+----------------------------+------------+------------+

10:36:39 | INFO | SimpleReport:52                          | Report for extendedTest
+------------------------------------------------------------------------+------------------------------------------------+------------+------------+
| Element                                                                | Subject                                        | Status     | ms.        |
+------------------------------------------------------------------------+------------------------------------------------+------------+------------+
| By.xpath: //div[@id='navbarExample']//a[text()='Contact']              | should be(clickable: interactable and enabled) | PASS       | 56         |
| By.xpath: //div[@id='navbarExample']//a[text()='Contact']              | click()                                        | PASS       | 96         |
| #exampleModalLabel                                                     | should be(visible)                             | PASS       | 19         |
| #exampleModalLabel                                                     | get text()                                     | PASS       | 15         |
| By.xpath: //div[@id='exampleModal']//button[text()='Close']            | should be(clickable: interactable and enabled) | PASS       | 18         |
| By.xpath: //div[@id='exampleModal']//button[text()='Close']            | click()                                        | PASS       | 50         |
| By.xpath: //div[@id='navbarExample']//a[text()='About us']             | should be(clickable: interactable and enabled) | PASS       | 17         |
| By.xpath: //div[@id='navbarExample']//a[text()='About us']             | click()                                        | PASS       | 344        |
| By.xpath: //div[@id='videoModal']//button[text()='Close']              | should be(clickable: interactable and enabled) | PASS       | 21         |
| By.xpath: //div[@id='videoModal']//button[text()='Close']              | click()                                        | PASS       | 46         |
| By.xpath: //div[@class='list-group']/a[position()>1]                   | should be(size > 0)                            | PASS       | 8          |
| By.xpath: //h4[@class='card-title']/a                                  | should be(size(9))                             | PASS       | 5          |
| By.xpath: //h4[@class='card-title']/a.findBy(text "Samsung galaxy s6") | click()                                        | PASS       | 619        |
| By.xpath: //h2[@class='name']                                          | should be(visible)                             | PASS       | 462        |
| By.xpath: //h3[@class='price-container']                               | should be(visible)                             | PASS       | 11         |
| By.xpath: //h2[@class='name']                                          | get text()                                     | PASS       | 15         |
| By.xpath: //h3[@class='price-container']                               | get text()                                     | PASS       | 14         |
| By.xpath: //div[@id='more-information']/p                              | get text()                                     | PASS       | 13         |
| By.xpath: //a[text()='Add to cart']                                    | should be(clickable: interactable and enabled) | PASS       | 14         |
| By.xpath: //a[text()='Add to cart']                                    | click()                                        | PASS       | 51         |
| By.xpath: //div[@id='navbarExample']//a[text()='Home ']                | should be(clickable: interactable and enabled) | PASS       | 26         |
| By.xpath: //div[@id='navbarExample']//a[text()='Home ']                | click()                                        | PASS       | 98         |
| By.xpath: //h4[@class='card-title']/a                                  | should be(size(9))                             | PASS       | 227        |
| By.xpath: //h4[@class='card-title']/a.findBy(text "Nexus 6")           | click()                                        | PASS       | 282        |
| By.xpath: //h2[@class='name']                                          | should be(visible)                             | PASS       | 235        |
| By.xpath: //h3[@class='price-container']                               | should be(visible)                             | PASS       | 10         |
| By.xpath: //h2[@class='name']                                          | get text()                                     | PASS       | 13         |
| By.xpath: //h3[@class='price-container']                               | get text()                                     | PASS       | 12         |
| By.xpath: //div[@id='more-information']/p                              | get text()                                     | PASS       | 12         |
| By.xpath: //a[text()='Add to cart']                                    | should be(clickable: interactable and enabled) | PASS       | 13         |
| By.xpath: //a[text()='Add to cart']                                    | click()                                        | PASS       | 50         |
| #cartur                                                                | should be(clickable: interactable and enabled) | PASS       | 15         |
| #cartur                                                                | click()                                        | PASS       | 401        |
| By.xpath: //h3[@id='totalp']                                           | should be(visible)                             | PASS       | 579        |
| By.xpath: //h3[@id='totalp']                                           | should not be(exact text "")                   | PASS       | 11         |
| By.xpath: //h3[@id='totalp']                                           | get text()                                     | PASS       | 13         |
| By.xpath: //tbody[@id='tbodyid']//tr/td[2][0]                          | text()                                         | PASS       | 15         |
| By.xpath: //tbody[@id='tbodyid']//tr/td[2][1]                          | text()                                         | PASS       | 13         |
| By.xpath: //tbody[@id='tbodyid']//tr/td[4]/a[1]                        | click()                                        | PASS       | 49         |
| By.xpath: //h3[@id='totalp']                                           | should be(visible)                             | PASS       | 17         |
| By.xpath: //h3[@id='totalp']                                           | should not be(exact text "")                   | PASS       | 11         |
| By.xpath: //h3[@id='totalp']                                           | get text()                                     | PASS       | 13         |
| By.xpath: //div[@id='navbarExample']//a[text()='Home ']                | should be(clickable: interactable and enabled) | PASS       | 14         |
| By.xpath: //div[@id='navbarExample']//a[text()='Home ']                | click()                                        | PASS       | 387        |
+------------------------------------------------------------------------+------------------------------------------------+------------+------------+

10:36:39 | INFO | SimpleReport:52                          | Report for clearWebDriver
+----------------------+---------+------------+------------+
| Element              | Subject | Status     | ms.        |
+----------------------+---------+------------+------------+
| clearCookies         |         | PASS       | 15         |
| refresh              |         | PASS       | 222        |
+----------------------+---------+------------+------------+

10:36:39 | INFO | SimpleReport:52                          | Report for tearDown
+----------------------+---------+------------+------------+
| Element              | Subject | Status     | ms.        |
+----------------------+---------+------------+------------+
| webdriver            | close() | PASS       | 167        |
+----------------------+---------+------------+------------+

